slackware_x64_v14.2/sbin/fsck.ext2
slackware_x64_v14.2/sbin/[
slackware_x64_v14.2/sbin/[[
slackware_x64_v14.2/sbin/dd
slackware_x64_v14.2/sbin/cp
slackware_x64_v14.2/sbin/df
slackware_x64_v14.2/sbin/du
slackware_x64_v14.2/sbin/id
slackware_x64_v14.2/sbin/ip
slackware_x64_v14.2/sbin/ln
slackware_x64_v14.2/sbin/ls
slackware_x64_v14.2/sbin/mv
slackware_x64_v14.2/sbin/ps
slackware_x64_v14.2/sbin/rm
slackware_x64_v14.2/sbin/sh
slackware_x64_v14.2/sbin/tr
slackware_x64_v14.2/sbin/vi
slackware_x64_v14.2/sbin/wc
slackware_x64_v14.2/sbin/xz
slackware_x64_v14.2/sbin/arp
slackware_x64_v14.2/sbin/ash
slackware_x64_v14.2/sbin/awk
slackware_x64_v14.2/sbin/cat
slackware_x64_v14.2/sbin/cmp
slackware_x64_v14.2/sbin/cut
slackware_x64_v14.2/sbin/env
slackware_x64_v14.2/sbin/pwd
slackware_x64_v14.2/sbin/seq
slackware_x64_v14.2/sbin/tar
slackware_x64_v14.2/sbin/tee
slackware_x64_v14.2/sbin/sum
slackware_x64_v14.2/sbin/top
slackware_x64_v14.2/sbin/tty
slackware_x64_v14.2/sbin/who
slackware_x64_v14.2/sbin/bash
slackware_x64_v14.2/sbin/catv
slackware_x64_v14.2/sbin/chvt
slackware_x64_v14.2/sbin/date
slackware_x64_v14.2/sbin/comm
slackware_x64_v14.2/sbin/diff
slackware_x64_v14.2/sbin/echo
slackware_x64_v14.2/sbin/find
slackware_x64_v14.2/sbin/expr
slackware_x64_v14.2/sbin/fold
slackware_x64_v14.2/sbin/free
slackware_x64_v14.2/sbin/fsck
slackware_x64_v14.2/sbin/halt
slackware_x64_v14.2/sbin/head
slackware_x64_v14.2/sbin/grep
slackware_x64_v14.2/sbin/gzip
slackware_x64_v14.2/sbin/init
slackware_x64_v14.2/sbin/kill
slackware_x64_v14.2/sbin/last
slackware_x64_v14.2/sbin/less
slackware_x64_v14.2/sbin/lsof
slackware_x64_v14.2/sbin/more
slackware_x64_v14.2/sbin/nice
slackware_x64_v14.2/sbin/ntpd
slackware_x64_v14.2/sbin/ping
slackware_x64_v14.2/sbin/rdev
slackware_x64_v14.2/sbin/tail
slackware_x64_v14.2/sbin/sort
slackware_x64_v14.2/sbin/test
slackware_x64_v14.2/sbin/stat
slackware_x64_v14.2/sbin/time
slackware_x64_v14.2/sbin/stty
slackware_x64_v14.2/sbin/sync
slackware_x64_v14.2/sbin/true
slackware_x64_v14.2/sbin/uniq
slackware_x64_v14.2/sbin/unxz
slackware_x64_v14.2/sbin/wall
slackware_x64_v14.2/sbin/wget
slackware_x64_v14.2/sbin/zcat
slackware_x64_v14.2/sbin/zcip
slackware_x64_v14.2/sbin/cryptpw
slackware_x64_v14.2/sbin/dirname
slackware_x64_v14.2/sbin/killall
slackware_x64_v14.2/sbin/acpid
slackware_x64_v14.2/sbin/chgrp
slackware_x64_v14.2/sbin/chmod
slackware_x64_v14.2/sbin/chown
slackware_x64_v14.2/sbin/clear
slackware_x64_v14.2/sbin/cksum
slackware_x64_v14.2/sbin/bzcat
slackware_x64_v14.2/sbin/bzip2
slackware_x64_v14.2/sbin/crond
slackware_x64_v14.2/sbin/dmesg
slackware_x64_v14.2/sbin/egrep
slackware_x64_v14.2/sbin/eject
slackware_x64_v14.2/sbin/false
slackware_x64_v14.2/sbin/fdisk
slackware_x64_v14.2/sbin/fgrep
slackware_x64_v14.2/sbin/flock
slackware_x64_v14.2/sbin/getty
slackware_x64_v14.2/sbin/fsync
slackware_x64_v14.2/sbin/setconsole
slackware_x64_v14.2/sbin/klogd
slackware_x64_v14.2/sbin/login
slackware_x64_v14.2/sbin/lspci
slackware_x64_v14.2/sbin/lsusb
slackware_x64_v14.2/sbin/mkdir
slackware_x64_v14.2/sbin/mknod
slackware_x64_v14.2/sbin/mount
slackware_x64_v14.2/sbin/ping6
slackware_x64_v14.2/sbin/rdate
slackware_x64_v14.2/sbin/rmdir
slackware_x64_v14.2/sbin/route
slackware_x64_v14.2/sbin/sleep
slackware_x64_v14.2/sbin/touch
slackware_x64_v14.2/sbin/uname
slackware_x64_v14.2/sbin/users
slackware_x64_v14.2/sbin/vlock
slackware_x64_v14.2/sbin/which
slackware_x64_v14.2/sbin/xzcat
slackware_x64_v14.2/sbin/sha1sum
slackware_x64_v14.2/sbin/sha3sum
slackware_x64_v14.2/sbin/showkey
slackware_x64_v14.2/sbin/logname
slackware_x64_v14.2/sbin/logread
slackware_x64_v14.2/sbin/killall5
slackware_x64_v14.2/sbin/e2fsck
slackware_x64_v14.2/sbin/runlevel
slackware_x64_v14.2/sbin/reiserfsck
slackware_x64_v14.2/sbin/setlogcons
slackware_x64_v14.2/sbin/arping
slackware_x64_v14.2/sbin/strings
slackware_x64_v14.2/sbin/chattr
slackware_x64_v14.2/sbin/chroot
slackware_x64_v14.2/sbin/mkfs.ext2
slackware_x64_v14.2/sbin/sulogin
slackware_x64_v14.2/sbin/poweroff
slackware_x64_v14.2/sbin/swapoff
slackware_x64_v14.2/sbin/getopt
slackware_x64_v14.2/sbin/hdparm
slackware_x64_v14.2/sbin/syslogd
slackware_x64_v14.2/sbin/groups
slackware_x64_v14.2/sbin/netstat
slackware_x64_v14.2/sbin/gunzip
slackware_x64_v14.2/sbin/ipcalc
slackware_x64_v14.2/sbin/iostat
slackware_x64_v14.2/sbin/hostname
slackware_x64_v14.2/sbin/fsck.reiserfs
slackware_x64_v14.2/sbin/md5sum
slackware_x64_v14.2/sbin/logger
slackware_x64_v14.2/sbin/lsattr
slackware_x64_v14.2/sbin/sha256sum
slackware_x64_v14.2/sbin/mke2fs
slackware_x64_v14.2/sbin/mkfifo
slackware_x64_v14.2/sbin/mkswap
slackware_x64_v14.2/sbin/mpstat
slackware_x64_v14.2/sbin/tune2fs
slackware_x64_v14.2/sbin/nmeter
slackware_x64_v14.2/sbin/passwd
slackware_x64_v14.2/sbin/ifconfig
slackware_x64_v14.2/sbin/nslookup
slackware_x64_v14.2/sbin/sha512sum
slackware_x64_v14.2/sbin/dnsdomainname
slackware_x64_v14.2/sbin/printf
slackware_x64_v14.2/sbin/reboot
slackware_x64_v14.2/sbin/renice
slackware_x64_v14.2/sbin/hexdump
slackware_x64_v14.2/sbin/vconfig
slackware_x64_v14.2/sbin/loadkmap
slackware_x64_v14.2/sbin/swapon
slackware_x64_v14.2/sbin/udhcpc
slackware_x64_v14.2/sbin/sysctl
slackware_x64_v14.2/sbin/umount
slackware_x64_v14.2/sbin/unlink
slackware_x64_v14.2/sbin/uptime
slackware_x64_v14.2/sbin/printenv
slackware_x64_v14.2/sbin/hwclock
slackware_x64_v14.2/sbin/mkfs.reiser
slackware_x64_v14.2/sbin/readlink
slackware_x64_v14.2/sbin/basename
slackware_x64_v14.2/sbin/realpath
slackware_x64_v14.2/sbin/fsck.minix
slackware_x64_v14.2/sbin/setkeycodes
slackware_x64_v14.2/sbin/bunzip2
slackware_x64_v14.2/sbin/mkfs.minix
slackware_x64_v14.2/sbin/busybox
slackware_x64_v14.2/lib64/libc-2.23.so
slackware_x64_v14.2/lib64/libpthread-2.23.so
slackware_x64_v14.2/lib64/libdl-2.23.so
slackware_x64_v14.2/lib64/ld-2.23.so
slackware_x64_v14.2/lib64/libuuid.so.1.3.0
slackware_x64_v14.2/lib64/librt-2.23.so
slackware_x64_v14.2/lib64/libblkid.so.1.1.0
slackware_x64_v14.2/lib64/libm-2.23.so
slackware_x64_v14.2/lib64/ld-linux-x86-64.so.2
slackware_x64_v14.2/lib64/libblkid.so.1
slackware_x64_v14.2/lib64/libc.so.6
slackware_x64_v14.2/lib64/libdl.so.2
slackware_x64_v14.2/lib64/libm.so.6
slackware_x64_v14.2/lib64/libpthread.so.0
slackware_x64_v14.2/lib64/librt.so.1
slackware_x64_v14.2/lib64/libuuid.so.1
common/etc/kmap/defkeymap.bmap.gz
common/etc/kmap/defkeymap_V1.0.bmap.gz
common/etc/kmap/uk.bmap.gz
common/etc/kmap/us.bmap.gz
